           _                 _    
  __ _  __| |_ __ __ _ _ __ | |_  
 / _` |/ _` | '__/ _` | '_ \| __| 
| (_| | (_| | | | (_| | | | | |_  
 \__, |\__,_|_|  \__,_|_| |_|\__| 
    |_|                           

Version: 1.11.4, build: d8b6e4a0
Access web UI at http://localhost:6333/dashboard

2024-09-22T15:51:25.882852Z  INFO storage::content_manager::consensus::persistent: Loading raft state from ./storage/raft_state.json    
2024-09-22T15:51:25.886042Z DEBUG storage::content_manager::consensus::persistent: State: Persistent { state: RaftState { hard_state: HardState { term: 0, vote: 0, commit: 0 }, conf_state: ConfState { voters: [8496165748659951], learners: [], voters_outgoing: [], learners_next: [], auto_leave: false } }, latest_snapshot_meta: SnapshotMetadataSer { term: 0, index: 0 }, apply_progress_queue: EntryApplyProgressQueue(None), peer_address_by_id: RwLock { data: {} }, peer_metadata_by_id: RwLock { data: {} }, cluster_metadata: {}, this_peer_id: 8496165748659951, path: "./storage/raft_state.json", dirty: false }    
2024-09-22T15:51:25.940206Z  INFO storage::content_manager::toc: Loading collection: default    
2024-09-22T15:51:26.072728Z  INFO collection::shards::local_shard: Recovering collection default: 0/1 (0%)    
2024-09-22T15:51:26.137568Z  INFO collection::shards::local_shard: Recovered collection default: 1/1 (100%)    
2024-09-22T15:51:26.147243Z DEBUG qdrant: Loaded collection: default    
2024-09-22T15:51:26.147302Z  INFO qdrant: Distributed mode disabled    
2024-09-22T15:51:26.147673Z  INFO qdrant: Telemetry reporting disabled    
2024-09-22T15:51:26.148398Z DEBUG qdrant: Waiting for thread web to finish    
2024-09-22T15:51:26.150378Z  WARN qdrant::actix::web_ui: Static content folder for Web UI './static' does not exist    
2024-09-22T15:51:26.150903Z  INFO qdrant::actix: TLS disabled for REST API    
2024-09-22T15:51:26.151451Z  INFO qdrant::actix: Qdrant HTTP listening on 6333    
2024-09-22T15:51:26.151738Z  INFO actix_server::builder: Starting 11 workers
2024-09-22T15:51:26.151805Z  INFO actix_server::server: Actix runtime found; starting in Actix runtime
2024-09-22T15:51:26.157966Z  INFO qdrant::tonic: Qdrant gRPC listening on 6334    
2024-09-22T15:51:26.157990Z  INFO qdrant::tonic: TLS disabled for gRPC API    
2024-09-22T15:51:35.854960Z  INFO storage::content_manager::toc::collection_meta_ops: Deleting collection default    
2024-09-22T15:51:35.857195Z DEBUG collection::update_handler: Stopping flush worker.    
2024-09-22T15:51:35.864286Z  INFO actix_web::middleware::logger: 127.0.0.1 "DELETE /collections/default HTTP/1.1" 200 48 "-" "curl/7.81.0" 0.012605    
2024-09-22T15:52:05.457720Z DEBUG storage::content_manager::snapshots::recover: Downloading snapshot from file:///home/vansh/gaianet/qdrant/snapshots/default/default.snapshot to /home/vansh/gaianet/qdrant/./snapshots/tmp/download-9Q1EdA    
2024-09-22T15:52:05.457776Z DEBUG storage::content_manager::snapshots::recover: Snapshot downloaded to /home/vansh/gaianet/qdrant/snapshots/default/default.snapshot    
2024-09-22T15:52:05.458374Z DEBUG storage::content_manager::snapshots::recover: Recovering collection default from snapshot /home/vansh/gaianet/qdrant/snapshots/default/default.snapshot    
2024-09-22T15:52:05.458388Z DEBUG storage::content_manager::snapshots::recover: Unpacking snapshot to /home/vansh/gaianet/qdrant/./storage/tmp/col-default-recovery-zKIFFm    
2024-09-22T15:52:07.672268Z DEBUG storage::content_manager::snapshots::recover: Collection default does not exist, creating it    
2024-09-22T15:52:07.672792Z  INFO storage::content_manager::toc::collection_meta_ops: Creating collection default    
2024-09-22T15:52:08.075716Z DEBUG collection::collection: Changing shard default:0 replica state from Some(Initializing) to Active    
2024-09-22T15:52:08.075749Z DEBUG collection::shards::replica_set: Changing local shard default:0 state from Some(Initializing) to Active    
2024-09-22T15:52:08.085891Z DEBUG storage::content_manager::snapshots::recover: Recovering shard 0 from /home/vansh/gaianet/qdrant/./storage/tmp/col-default-recovery-zKIFFm/0    
2024-09-22T15:52:08.086602Z DEBUG collection::update_handler: Stopping flush worker.    
2024-09-22T15:52:08.329394Z  INFO collection::shards::local_shard: Recovering collection default: 0/49 (0%)    
2024-09-22T15:52:08.460116Z  INFO collection::shards::local_shard: Recovered collection default: 49/49 (100%)    
2024-09-22T15:52:08.461919Z DEBUG storage::content_manager::snapshots::recover: Activating shard 0 of collection default locally    
2024-09-22T15:52:08.461943Z DEBUG collection::collection: Changing shard default:0 replica state from Some(Active) to Active    
2024-09-22T15:52:08.461951Z DEBUG collection::shards::replica_set: Changing local shard default:0 state from Some(Active) to Active    
2024-09-22T15:52:08.472838Z  INFO actix_web::middleware::logger: 127.0.0.1 "POST /collections/default/snapshots/upload?priority=snapshot HTTP/1.1" 200 48 "-" "curl/7.81.0" 3.416449    
2024-09-22T15:52:13.498836Z  INFO actix_server::server: SIGTERM received; starting graceful shutdown
2024-09-22T15:52:13.498849Z DEBUG qdrant::tonic: Stopping gRPC service on SIGTERM    
2024-09-22T15:52:13.498982Z  INFO actix_server::worker: Shutting down idle worker
2024-09-22T15:52:13.499003Z DEBUG actix_server::accept: Paused accepting connections on 127.0.0.1:6333
2024-09-22T15:52:13.499009Z  INFO actix_server::worker: Shutting down idle worker
2024-09-22T15:52:13.499034Z  INFO actix_server::worker: Shutting down idle worker
2024-09-22T15:52:13.499049Z  INFO actix_server::accept: Accept thread stopped
2024-09-22T15:52:13.498983Z  INFO actix_server::worker: Shutting down idle worker
2024-09-22T15:52:13.499018Z  INFO actix_server::worker: Shutting down idle worker
2024-09-22T15:52:13.499053Z  INFO actix_server::worker: Shutting down idle worker
2024-09-22T15:52:13.499069Z  INFO actix_server::worker: Shutting down idle worker
2024-09-22T15:52:13.499092Z  INFO actix_server::worker: Shutting down idle worker
2024-09-22T15:52:13.499095Z  INFO actix_server::worker: Shutting down idle worker
2024-09-22T15:52:13.499258Z  INFO actix_server::worker: Shutting down idle worker
2024-09-22T15:52:13.499640Z  INFO actix_server::worker: Shutting down idle worker
2024-09-22T15:52:13.813669Z DEBUG qdrant: Waiting for thread grpc to finish    
2024-09-22T15:52:13.814280Z DEBUG collection::update_handler: Stopping flush worker.    
